2025-08-19T20:12:19: 🚀 TimeClock API Server Started
2025-08-19T20:12:19: ═══════════════════════════════════════════════════════════════════════════════════════
2025-08-19T20:12:19: 📍 Server running at: http://localhost:3000
2025-08-19T20:12:19: 🌍 Environment: development
2025-08-19T20:12:19: 📊 Health Check: http://localhost:3000/health
2025-08-19T20:12:19: 📚 API Documentation: http://localhost:3000/api
2025-08-19T20:12:19: ═══════════════════════════════════════════════════════════════════════════════════════
2025-08-19T20:12:19: 🔗 Available API Endpoints:
2025-08-19T20:12:19:    • Authentication: http://localhost:3000/api/auth
2025-08-19T20:12:19:    • Clients: http://localhost:3000/api/clients
2025-08-19T20:12:19:    • Projects: http://localhost:3000/api/projects
2025-08-19T20:12:19:    • Time Entries: http://localhost:3000/api/time-entries
2025-08-19T20:12:19:    • Billing: http://localhost:3000/api/billing
2025-08-19T20:12:19:    • Dashboard: http://localhost:3000/api/dashboard
2025-08-19T20:12:19: ═══════════════════════════════════════════════════════════════════════════════════════
2025-08-19T20:12:19: ✅ Server is ready to accept connections
2025-08-19T20:12:24: 🚀 TimeClock API Server Started
2025-08-19T20:12:24: ═══════════════════════════════════════════════════════════════════════════════════════
2025-08-19T20:12:24: 📍 Server running at: http://localhost:3000
2025-08-19T20:12:24: 🌍 Environment: development
2025-08-19T20:12:24: 📊 Health Check: http://localhost:3000/health
2025-08-19T20:12:24: 📚 API Documentation: http://localhost:3000/api
2025-08-19T20:12:24: ═══════════════════════════════════════════════════════════════════════════════════════
2025-08-19T20:12:24: 🔗 Available API Endpoints:
2025-08-19T20:12:24:    • Authentication: http://localhost:3000/api/auth
2025-08-19T20:12:24:    • Clients: http://localhost:3000/api/clients
2025-08-19T20:12:24:    • Projects: http://localhost:3000/api/projects
2025-08-19T20:12:24:    • Time Entries: http://localhost:3000/api/time-entries
2025-08-19T20:12:24:    • Billing: http://localhost:3000/api/billing
2025-08-19T20:12:24:    • Dashboard: http://localhost:3000/api/dashboard
2025-08-19T20:12:24: ═══════════════════════════════════════════════════════════════════════════════════════
2025-08-19T20:12:24: ✅ Server is ready to accept connections
2025-08-19T20:12:52: 🚀 TimeClock API Server Started
2025-08-19T20:12:52: ═══════════════════════════════════════════════════════════════════════════════════════
2025-08-19T20:12:52: 📍 Server running at: http://localhost:3000
2025-08-19T20:12:52: 🌍 Environment: development
2025-08-19T20:12:52: 📊 Health Check: http://localhost:3000/health
2025-08-19T20:12:52: 📚 API Documentation: http://localhost:3000/api
2025-08-19T20:12:52: ═══════════════════════════════════════════════════════════════════════════════════════
2025-08-19T20:12:52: 🔗 Available API Endpoints:
2025-08-19T20:12:52:    • Authentication: http://localhost:3000/api/auth
2025-08-19T20:12:52:    • Clients: http://localhost:3000/api/clients
2025-08-19T20:12:52:    • Projects: http://localhost:3000/api/projects
2025-08-19T20:12:52:    • Time Entries: http://localhost:3000/api/time-entries
2025-08-19T20:12:52:    • Billing: http://localhost:3000/api/billing
2025-08-19T20:12:52:    • Dashboard: http://localhost:3000/api/dashboard
2025-08-19T20:12:52: ═══════════════════════════════════════════════════════════════════════════════════════
2025-08-19T20:12:52: ✅ Server is ready to accept connections
2025-08-19T20:12:57: [0mGET /api/auth/verify [32m200[0m 22.549 ms - 136[0m
2025-08-19T20:12:57: [0mGET /api/auth/profile [32m200[0m 3.571 ms - 265[0m
2025-08-19T20:12:57: [0mGET /api/time/active [33m404[0m 47.743 ms - 352[0m
2025-08-19T20:12:57: [0mGET /api/dashboard [32m200[0m 66.452 ms - 475[0m
2025-08-19T20:12:58: [0mGET /api/time/active [33m404[0m 7.443 ms - 352[0m
2025-08-19T20:12:59: [0mGET /api/time/active [33m404[0m 3.706 ms - 352[0m
2025-08-19T20:13:01: [0mGET /api/time/active [33m404[0m 4.579 ms - 352[0m
2025-08-19T20:13:02: [0mGET /api/time/active [33m404[0m 3.213 ms - 352[0m
2025-08-19T20:13:03: [0mGET /api/time/active [33m404[0m 7.277 ms - 352[0m
2025-08-19T20:13:04: [0mGET /api/time/active [33m404[0m 4.222 ms - 352[0m
2025-08-19T20:13:05: [0mGET /api/time/active [33m404[0m 3.289 ms - 352[0m
2025-08-19T20:13:06: [0mGET /api/time/active [33m404[0m 3.788 ms - 352[0m
2025-08-19T20:13:08: [0mGET /api/auth/verify [36m304[0m 2.926 ms - -[0m
2025-08-19T20:13:08: [0mGET /api/auth/profile [36m304[0m 2.424 ms - -[0m
2025-08-19T20:13:08: [0mGET /api/dashboard [36m304[0m 11.944 ms - -[0m
2025-08-19T20:13:08: [0mGET /api/time/active [33m404[0m 12.018 ms - 352[0m
2025-08-19T20:13:09: [0mGET /api/time/active [33m404[0m 6.993 ms - 352[0m
2025-08-19T20:13:10: [0mGET /api/time/active [33m404[0m 3.443 ms - 352[0m
2025-08-19T20:13:12: [0mGET /api/time/active [33m404[0m 3.311 ms - 352[0m
2025-08-19T20:13:13: [0mGET /api/time/active [33m404[0m 3.291 ms - 352[0m
2025-08-19T20:13:14: [0mGET /api/time/active [33m404[0m 3.481 ms - 352[0m
2025-08-19T20:13:15: [0mGET /api/time/active [33m404[0m 3.077 ms - 352[0m
2025-08-19T20:13:16: [0mGET /api/time/active [33m404[0m 3.652 ms - 352[0m
2025-08-19T20:13:17: [0mGET /api/time/active [33m404[0m 2.946 ms - 352[0m
2025-08-19T20:13:18: [0mGET /api/time/active [33m404[0m 3.406 ms - 352[0m
2025-08-19T20:13:20: [0mGET /api/time/active [33m404[0m 3.412 ms - 352[0m
2025-08-19T20:13:21: [0mGET /api/time/active [33m404[0m 3.343 ms - 352[0m
2025-08-19T20:13:22: [0mGET /api/time/active [33m404[0m 3.504 ms - 352[0m
2025-08-19T20:13:23: [0mGET /api/time/active [33m404[0m 4.941 ms - 352[0m
2025-08-19T20:13:24: [0mGET /api/time/active [33m404[0m 3.026 ms - 352[0m
2025-08-19T20:13:25: [0mGET /api/time/active [33m404[0m 6.357 ms - 352[0m
2025-08-19T20:13:26: [0mGET /api/time/active [33m404[0m 3.577 ms - 352[0m
2025-08-19T20:13:27: [0mGET /api/time/active [33m404[0m 3.446 ms - 352[0m
2025-08-19T20:13:29: [0mGET /api/time/active [33m404[0m 2.659 ms - 352[0m
2025-08-19T20:13:30: [0mGET /api/time/active [33m404[0m 3.761 ms - 352[0m
2025-08-19T20:13:30: [0mGET /api/time/active [33m404[0m 12.520 ms - 352[0m
2025-08-19T20:13:30: [0mGET /api/projects [32m200[0m 31.184 ms - -[0m
2025-08-19T20:13:30: [0mGET /api/clients [32m200[0m 16.717 ms - -[0m
2025-08-19T20:13:30: [0mGET /api/time? [32m200[0m 43.796 ms - -[0m
2025-08-19T20:17:09: [0mGET /api/auth/verify [33m401[0m 4.552 ms - -[0m
2025-08-19T20:21:40: [0mGET /api/auth/verify [33m401[0m 1.335 ms - -[0m
2025-08-19T20:21:46: [0mGET /api/health [32m200[0m 3.105 ms - 145[0m
2025-08-19T20:21:47: 🔐 bcrypt authentication for user: admin
2025-08-19T20:21:47: [0mPOST /api/auth/login [32m200[0m 362.739 ms - 820[0m
2025-08-19T20:21:47: [0mGET /api/auth/profile [32m200[0m 2.018 ms - 265[0m
2025-08-19T20:21:47: [0mGET /api/time/active [33m404[0m 4.755 ms - 352[0m
2025-08-19T20:21:47: [0mGET /api/dashboard [32m200[0m 12.977 ms - 475[0m
2025-08-19T20:21:48: [0mGET /api/time/active [33m404[0m 3.951 ms - 352[0m
2025-08-19T20:21:49: [0mGET /api/time/active [33m404[0m 3.093 ms - 352[0m
2025-08-19T20:21:50: [0mGET /api/time/active [33m404[0m 2.739 ms - 352[0m
2025-08-19T20:21:52: [0mGET /api/time/active [33m404[0m 3.178 ms - 352[0m
2025-08-19T20:21:53: [0mGET /api/time/active [33m404[0m 2.979 ms - 352[0m
2025-08-19T20:21:54: [0mGET /api/time/active [33m404[0m 4.307 ms - 352[0m
2025-08-19T20:21:55: [0mGET /api/time/active [33m404[0m 3.189 ms - 352[0m
2025-08-19T20:21:56: [0mGET /api/time/active [33m404[0m 2.905 ms - 352[0m
2025-08-19T20:21:57: [0mGET /api/time/active [33m404[0m 2.953 ms - 352[0m
2025-08-19T20:21:59: [0mGET /api/time/active [33m404[0m 2.827 ms - 352[0m
2025-08-19T20:22:00: [0mGET /api/time/active [33m404[0m 3.476 ms - 352[0m
2025-08-19T20:22:01: [0mGET /api/time/active [33m404[0m 2.899 ms - 352[0m
2025-08-19T20:22:02: [0mGET /api/time/active [33m404[0m 2.844 ms - 352[0m
2025-08-19T20:22:03: [0mGET /api/time/active [33m404[0m 3.528 ms - 352[0m
2025-08-19T20:22:04: [0mGET /api/time/active [33m404[0m 4.202 ms - 352[0m
2025-08-19T20:22:05: [0mGET /api/time/active [33m404[0m 3.489 ms - 352[0m
2025-08-19T20:22:06: [0mGET /api/time/active [33m404[0m 2.738 ms - 352[0m
2025-08-19T20:22:07: [0mGET /api/time/active [33m404[0m 3.248 ms - 352[0m
2025-08-19T20:22:09: [0mGET /api/time/active [33m404[0m 3.303 ms - 352[0m
2025-08-19T20:22:10: [0mGET /api/time/active [33m404[0m 2.715 ms - 352[0m
2025-08-19T20:22:11: [0mGET /api/time/active [33m404[0m 3.703 ms - 352[0m
2025-08-19T20:22:12: [0mGET /api/time/active [33m404[0m 2.693 ms - 352[0m
2025-08-19T20:22:13: [0mGET /api/time/active [33m404[0m 2.751 ms - 352[0m
2025-08-19T20:22:14: [0mGET /api/time/active [33m404[0m 4.012 ms - 352[0m
2025-08-19T20:22:15: [0mGET /api/time/active [33m404[0m 2.703 ms - 352[0m
2025-08-19T20:22:16: [0mGET /api/time/active [33m404[0m 7.208 ms - 352[0m
2025-08-19T20:22:17: [0mGET /api/dashboard [36m304[0m 4.923 ms - -[0m
2025-08-19T20:22:17: [0mGET /api/time/active [33m404[0m 3.304 ms - 352[0m
2025-08-19T20:22:19: [0mGET /api/time/active [33m404[0m 3.132 ms - 352[0m
2025-08-19T20:22:20: [0mGET /api/time/active [33m404[0m 2.912 ms - 352[0m
2025-08-19T20:22:21: [0mGET /api/time/active [33m404[0m 2.900 ms - 352[0m
2025-08-19T20:22:22: [0mGET /api/time/active [33m404[0m 2.979 ms - 352[0m
2025-08-19T20:22:23: [0mGET /api/time/active [33m404[0m 3.238 ms - 352[0m
2025-08-19T20:22:24: [0mGET /api/time/active [33m404[0m 2.875 ms - 352[0m
2025-08-19T20:22:25: [0mGET /api/time/active [33m404[0m 2.738 ms - 352[0m
2025-08-19T20:22:27: [0mGET /api/auth/verify [32m200[0m 1.772 ms - 136[0m
2025-08-19T20:22:27: [0mGET /api/auth/profile [36m304[0m 2.213 ms - -[0m
2025-08-19T20:22:27: [0mGET /api/time/active [33m404[0m 12.194 ms - 352[0m
2025-08-19T20:22:27: [0mGET /api/dashboard [36m304[0m 16.855 ms - -[0m
2025-08-19T20:22:29: [0mGET /api/time/active [33m404[0m 3.560 ms - 352[0m
2025-08-19T20:22:30: [0mGET /api/time/active [33m404[0m 2.848 ms - 352[0m
2025-08-19T20:22:31: [0mGET /api/time/active [33m404[0m 2.675 ms - 352[0m
2025-08-19T20:22:32: [0mGET /api/time/active [33m404[0m 3.358 ms - 352[0m
2025-08-19T20:22:33: [0mGET /api/time/active [33m404[0m 3.961 ms - 352[0m
2025-08-19T20:22:34: [0mGET /api/time/active [33m404[0m 2.865 ms - 352[0m
2025-08-19T20:22:35: [0mGET /api/time/active [33m404[0m 3.641 ms - 352[0m
2025-08-19T20:22:36: [0mGET /api/time/active [33m404[0m 2.666 ms - 352[0m
2025-08-19T20:22:37: [0mGET /api/time/active [33m404[0m 2.691 ms - 352[0m
2025-08-19T20:22:39: [0mGET /api/time/active [33m404[0m 3.041 ms - 352[0m
2025-08-19T20:22:40: [0mGET /api/time/active [33m404[0m 4.184 ms - 352[0m
2025-08-19T20:22:41: [0mGET /api/time/active [33m404[0m 3.040 ms - 352[0m
2025-08-19T20:22:42: [0mGET /api/time/active [33m404[0m 5.151 ms - 352[0m
2025-08-19T20:22:43: [0mGET /api/time/active [33m404[0m 2.809 ms - 352[0m
2025-08-19T20:22:44: [0mGET /api/time/active [33m404[0m 2.731 ms - 352[0m
2025-08-19T20:23:43: 🚀 TimeClock API Server Started
2025-08-19T20:23:43: ═══════════════════════════════════════════════════════════════════════════════════════
2025-08-19T20:23:43: 📍 Server running at: http://localhost:3000
2025-08-19T20:23:43: 🌍 Environment: development
2025-08-19T20:23:43: 📊 Health Check: http://localhost:3000/health
2025-08-19T20:23:43: 📚 API Documentation: http://localhost:3000/api
2025-08-19T20:23:43: ═══════════════════════════════════════════════════════════════════════════════════════
2025-08-19T20:23:43: 🔗 Available API Endpoints:
2025-08-19T20:23:43:    • Authentication: http://localhost:3000/api/auth
2025-08-19T20:23:43:    • Clients: http://localhost:3000/api/clients
2025-08-19T20:23:43:    • Projects: http://localhost:3000/api/projects
2025-08-19T20:23:43:    • Time Entries: http://localhost:3000/api/time-entries
2025-08-19T20:23:43:    • Billing: http://localhost:3000/api/billing
2025-08-19T20:23:43:    • Dashboard: http://localhost:3000/api/dashboard
2025-08-19T20:23:43: ═══════════════════════════════════════════════════════════════════════════════════════
2025-08-19T20:23:43: ✅ Server is ready to accept connections
2025-08-19T20:23:51: 🚀 TimeClock API Server Started
2025-08-19T20:23:51: ═══════════════════════════════════════════════════════════════════════════════════════
2025-08-19T20:23:51: 📍 Server running at: http://localhost:3000
2025-08-19T20:23:51: 🌍 Environment: development
2025-08-19T20:23:51: 📊 Health Check: http://localhost:3000/health
2025-08-19T20:23:51: 📚 API Documentation: http://localhost:3000/api
2025-08-19T20:23:51: ═══════════════════════════════════════════════════════════════════════════════════════
2025-08-19T20:23:51: 🔗 Available API Endpoints:
2025-08-19T20:23:51:    • Authentication: http://localhost:3000/api/auth
2025-08-19T20:23:51:    • Clients: http://localhost:3000/api/clients
2025-08-19T20:23:51:    • Projects: http://localhost:3000/api/projects
2025-08-19T20:23:51:    • Time Entries: http://localhost:3000/api/time-entries
2025-08-19T20:23:51:    • Billing: http://localhost:3000/api/billing
2025-08-19T20:23:51:    • Dashboard: http://localhost:3000/api/dashboard
2025-08-19T20:23:51: ═══════════════════════════════════════════════════════════════════════════════════════
2025-08-19T20:23:51: ✅ Server is ready to accept connections
2025-08-19T20:24:26: 🚀 TimeClock API Server Started
2025-08-19T20:24:26: ═══════════════════════════════════════════════════════════════════════════════════════
2025-08-19T20:24:26: 📍 Server running at: http://localhost:3000
2025-08-19T20:24:26: 🌍 Environment: development
2025-08-19T20:24:26: 📊 Health Check: http://localhost:3000/health
2025-08-19T20:24:26: 📚 API Documentation: http://localhost:3000/api
2025-08-19T20:24:26: ═══════════════════════════════════════════════════════════════════════════════════════
2025-08-19T20:24:26: 🔗 Available API Endpoints:
2025-08-19T20:24:26:    • Authentication: http://localhost:3000/api/auth
2025-08-19T20:24:26:    • Clients: http://localhost:3000/api/clients
2025-08-19T20:24:26:    • Projects: http://localhost:3000/api/projects
2025-08-19T20:24:26:    • Time Entries: http://localhost:3000/api/time-entries
2025-08-19T20:24:26:    • Billing: http://localhost:3000/api/billing
2025-08-19T20:24:26:    • Dashboard: http://localhost:3000/api/dashboard
2025-08-19T20:24:26: ═══════════════════════════════════════════════════════════════════════════════════════
2025-08-19T20:24:26: ✅ Server is ready to accept connections
2025-08-19T20:24:36: [0mGET /api/auth/verify [33m401[0m 7.219 ms - -[0m
2025-08-19T20:24:37: [0mPOST /api/auth/refresh [33m401[0m 2.160 ms - -[0m
2025-08-19T20:24:37: [0mGET /api/auth/verify [33m401[0m 1.017 ms - -[0m
2025-08-19T20:24:44: [0mGET /api/health [31m503[0m 23.127 ms - 142[0m
2025-08-19T20:26:36: 🚀 TimeClock API Server Started
2025-08-19T20:26:36: ═══════════════════════════════════════════════════════════════════════════════════════
2025-08-19T20:26:36: 📍 Server running at: http://localhost:3000
2025-08-19T20:26:36: 🌍 Environment: development
2025-08-19T20:26:36: 📊 Health Check: http://localhost:3000/health
2025-08-19T20:26:36: 📚 API Documentation: http://localhost:3000/api
2025-08-19T20:26:36: ═══════════════════════════════════════════════════════════════════════════════════════
2025-08-19T20:26:36: 🔗 Available API Endpoints:
2025-08-19T20:26:36:    • Authentication: http://localhost:3000/api/auth
2025-08-19T20:26:36:    • Clients: http://localhost:3000/api/clients
2025-08-19T20:26:36:    • Projects: http://localhost:3000/api/projects
2025-08-19T20:26:36:    • Time Entries: http://localhost:3000/api/time-entries
2025-08-19T20:26:36:    • Billing: http://localhost:3000/api/billing
2025-08-19T20:26:36:    • Dashboard: http://localhost:3000/api/dashboard
2025-08-19T20:26:36: ═══════════════════════════════════════════════════════════════════════════════════════
2025-08-19T20:26:36: ✅ Server is ready to accept connections
2025-08-19T20:26:42: [0mGET /api/auth/verify [33m401[0m 4.953 ms - -[0m
2025-08-19T20:26:43: 🚀 TimeClock API Server Started
2025-08-19T20:26:43: ═══════════════════════════════════════════════════════════════════════════════════════
2025-08-19T20:26:43: 📍 Server running at: http://localhost:3000
2025-08-19T20:26:43: 🌍 Environment: development
2025-08-19T20:26:43: 📊 Health Check: http://localhost:3000/health
2025-08-19T20:26:43: 📚 API Documentation: http://localhost:3000/api
2025-08-19T20:26:43: ═══════════════════════════════════════════════════════════════════════════════════════
2025-08-19T20:26:43: 🔗 Available API Endpoints:
2025-08-19T20:26:43:    • Authentication: http://localhost:3000/api/auth
2025-08-19T20:26:43:    • Clients: http://localhost:3000/api/clients
2025-08-19T20:26:43:    • Projects: http://localhost:3000/api/projects
2025-08-19T20:26:43:    • Time Entries: http://localhost:3000/api/time-entries
2025-08-19T20:26:43:    • Billing: http://localhost:3000/api/billing
2025-08-19T20:26:43:    • Dashboard: http://localhost:3000/api/dashboard
2025-08-19T20:26:43: ═══════════════════════════════════════════════════════════════════════════════════════
2025-08-19T20:26:43: ✅ Server is ready to accept connections
2025-08-19T20:26:48: [0mGET /api/health [32m200[0m 18.314 ms - 145[0m
2025-08-19T20:26:49: 🔐 bcrypt authentication for user: admin
2025-08-19T20:26:49: [0mPOST /api/auth/login [32m200[0m 395.498 ms - 820[0m
2025-08-19T20:26:49: [0mGET /api/auth/profile [32m200[0m 4.330 ms - 265[0m
2025-08-19T20:26:49: [0mGET /api/dashboard [36m304[0m 23.634 ms - -[0m
2025-08-19T20:26:49: [0mGET /api/time/active [33m404[0m 24.409 ms - 352[0m
2025-08-19T20:26:50: [0mGET /api/time/active [33m404[0m 4.029 ms - 352[0m
2025-08-19T20:26:51: [0mGET /api/time/active [33m404[0m 3.388 ms - 352[0m
2025-08-19T20:26:52: [0mGET /api/time/active [33m404[0m 3.182 ms - 352[0m
2025-08-19T20:26:53: [0mGET /api/time/active [33m404[0m 3.601 ms - 352[0m
2025-08-19T20:26:55: [0mGET /api/time/active [33m404[0m 4.551 ms - 352[0m
2025-08-19T20:26:56: [0mGET /api/time/active [33m404[0m 4.041 ms - 352[0m
2025-08-19T20:26:57: [0mGET /api/time/active [33m404[0m 3.289 ms - 352[0m
2025-08-19T20:26:58: [0mGET /api/time/active [33m404[0m 4.038 ms - 352[0m
2025-08-19T20:26:59: [0mGET /api/time/active [33m404[0m 3.885 ms - 352[0m
2025-08-19T20:27:00: [0mGET /api/time/active [33m404[0m 3.661 ms - 352[0m
2025-08-19T20:27:01: [0mGET /api/time/active [33m404[0m 3.377 ms - 352[0m
2025-08-19T20:27:02: [0mGET /api/time/active [33m404[0m 4.041 ms - 352[0m
2025-08-19T20:27:03: [0mGET /api/time/active [33m404[0m 3.824 ms - 352[0m
2025-08-19T20:27:05: [0mGET /api/time/active [33m404[0m 3.359 ms - 352[0m
2025-08-19T20:27:06: [0mGET /api/time/active [33m404[0m 3.303 ms - 352[0m
2025-08-19T20:27:07: [0mGET /api/time/active [33m404[0m 3.346 ms - 352[0m
2025-08-19T20:27:08: [0mGET /api/time/active [33m404[0m 3.056 ms - 352[0m
2025-08-19T20:27:09: [0mGET /api/time/active [33m404[0m 3.044 ms - 352[0m
2025-08-19T20:27:10: [0mGET /api/time/active [33m404[0m 3.128 ms - 352[0m
2025-08-19T20:27:11: [0mGET /api/time/active [33m404[0m 3.066 ms - 352[0m
2025-08-19T20:27:12: [0mGET /api/time/active [33m404[0m 3.414 ms - 352[0m
2025-08-19T20:27:13: [0mGET /api/time/active [33m404[0m 2.896 ms - 352[0m
2025-08-19T20:27:15: [0mGET /api/time/active [33m404[0m 2.951 ms - 352[0m
2025-08-19T20:27:16: [0mGET /api/time/active [33m404[0m 3.009 ms - 352[0m
2025-08-19T20:27:17: [0mGET /api/time/active [33m404[0m 7.804 ms - 352[0m
2025-08-19T20:27:18: [0mGET /api/time/active [33m404[0m 3.682 ms - 352[0m
2025-08-19T20:27:19: [0mGET /api/dashboard [36m304[0m 8.826 ms - -[0m
2025-08-19T20:27:19: [0mGET /api/time/active [33m404[0m 8.114 ms - 352[0m
2025-08-19T20:27:20: [0mGET /api/time/active [33m404[0m 2.841 ms - 352[0m
2025-08-19T20:27:21: [0mGET /api/time/active [33m404[0m 3.036 ms - 352[0m
2025-08-19T20:27:22: [0mGET /api/time/active [33m404[0m 3.322 ms - 352[0m
2025-08-19T20:27:24: [0mGET /api/time/active [33m404[0m 2.897 ms - 352[0m
2025-08-19T20:27:25: [0mGET /api/time/active [33m404[0m 2.937 ms - 352[0m
2025-08-19T20:27:26: [0mGET /api/time/active [33m404[0m 2.842 ms - 352[0m
2025-08-19T20:27:27: [0mGET /api/time/active [33m404[0m 2.947 ms - 352[0m
2025-08-19T20:27:28: [0mGET /api/time/active [33m404[0m 2.922 ms - 352[0m
2025-08-19T20:27:29: [0mGET /api/time/active [33m404[0m 3.099 ms - 352[0m
2025-08-19T20:27:30: [0mGET /api/time/active [33m404[0m 4.099 ms - 352[0m
2025-08-19T20:27:31: [0mGET /api/time/active [33m404[0m 3.700 ms - 352[0m
2025-08-19T20:27:32: [0mGET /api/time/active [33m404[0m 6.453 ms - 352[0m
2025-08-19T20:27:34: [0mGET /api/time/active [33m404[0m 2.740 ms - 352[0m
2025-08-19T20:27:35: [0mGET /api/time/active [33m404[0m 3.554 ms - 352[0m
2025-08-19T20:27:36: [0mGET /api/time/active [33m404[0m 2.873 ms - 352[0m
2025-08-19T20:27:37: [0mGET /api/time/active [33m404[0m 4.172 ms - 352[0m
2025-08-19T20:27:38: [0mGET /api/time/active [33m404[0m 5.024 ms - 352[0m
2025-08-19T20:27:39: [0mGET /api/time/active [33m404[0m 5.212 ms - 352[0m
2025-08-19T20:27:40: [0mGET /api/time/active [33m404[0m 3.134 ms - 352[0m
2025-08-19T20:27:41: [0mGET /api/time/active [33m404[0m 2.889 ms - 352[0m
2025-08-19T20:27:43: [0mGET /api/time/active [33m404[0m 3.555 ms - 352[0m
2025-08-19T20:27:44: [0mGET /api/time/active [33m404[0m 3.323 ms - 352[0m
2025-08-19T20:27:45: [0mGET /api/time/active [33m404[0m 2.790 ms - 352[0m
2025-08-19T20:27:53: [0mGET /api/time/active [33m404[0m 2.688 ms - 352[0m
2025-08-19T20:27:54: [0mGET /api/time/active [33m404[0m 3.793 ms - 352[0m
2025-08-19T20:27:55: [0mGET /api/time/active [33m404[0m 3.392 ms - 352[0m
2025-08-19T20:27:56: [0mGET /api/time/active [33m404[0m 2.845 ms - 352[0m
2025-08-19T20:27:57: [0mGET /api/time/active [33m404[0m 2.982 ms - 352[0m
2025-08-19T20:27:58: [0mGET /api/time/active [33m404[0m 2.869 ms - 352[0m
2025-08-19T20:27:59: [0mGET /api/time/active [33m404[0m 2.792 ms - 352[0m
2025-08-19T20:28:00: [0mGET /api/time/active [33m404[0m 4.214 ms - 352[0m
2025-08-19T20:28:02: [0mGET /api/time/active [33m404[0m 2.716 ms - 352[0m
2025-08-19T20:28:03: [0mGET /api/time/active [33m404[0m 2.813 ms - 352[0m
2025-08-19T20:28:04: [0mGET /api/time/active [33m404[0m 3.326 ms - 352[0m
2025-08-19T20:28:05: [0mGET /api/time/active [33m404[0m 3.102 ms - 352[0m
2025-08-19T20:28:06: [0mGET /api/time/active [33m404[0m 2.640 ms - 352[0m
2025-08-19T20:28:07: [0mGET /api/time/active [33m404[0m 2.727 ms - 352[0m
2025-08-19T20:28:08: [0mGET /api/time/active [33m404[0m 2.667 ms - 352[0m
2025-08-19T20:28:09: [0mGET /api/time/active [33m404[0m 6.540 ms - 352[0m
2025-08-19T20:28:10: [0mGET /api/time/active [33m404[0m 2.854 ms - 352[0m
2025-08-19T20:28:12: [0mGET /api/time/active [33m404[0m 2.787 ms - 352[0m
2025-08-19T20:28:13: [0mGET /api/time/active [33m404[0m 6.051 ms - 352[0m
2025-08-19T20:28:14: [0mGET /api/time/active [33m404[0m 2.699 ms - 352[0m
2025-08-19T20:28:15: [0mGET /api/time/active [33m404[0m 9.423 ms - 352[0m
2025-08-19T20:28:16: [0mGET /api/time/active [33m404[0m 3.867 ms - 352[0m
2025-08-19T20:28:17: [0mGET /api/time/active [33m404[0m 2.847 ms - 352[0m
2025-08-19T20:28:18: [0mGET /api/time/active [33m404[0m 2.882 ms - 352[0m
2025-08-19T20:28:19: [0mGET /api/dashboard [36m304[0m 6.798 ms - -[0m
2025-08-19T20:28:19: [0mGET /api/time/active [33m404[0m 5.111 ms - 352[0m
2025-08-19T20:28:21: [0mGET /api/time/active [33m404[0m 3.257 ms - 352[0m
2025-08-19T20:28:22: [0mGET /api/time/active [33m404[0m 4.532 ms - 352[0m
2025-08-19T20:28:23: [0mGET /api/time/active [33m404[0m 3.103 ms - 352[0m
2025-08-19T20:28:24: [0mGET /api/time/active [33m404[0m 3.861 ms - 352[0m
2025-08-19T20:28:25: [0mGET /api/time/active [33m404[0m 6.341 ms - 352[0m
2025-08-19T20:28:26: [0mGET /api/time/active [33m404[0m 3.066 ms - 352[0m
2025-08-19T20:28:27: [0mGET /api/time/active [33m404[0m 3.072 ms - 352[0m
2025-08-19T20:28:28: [0mGET /api/time/active [33m404[0m 4.894 ms - 352[0m
2025-08-19T20:28:30: [0mGET /api/time/active [33m404[0m 3.628 ms - 352[0m
2025-08-19T20:28:31: [0mGET /api/time/active [33m404[0m 2.664 ms - 352[0m
2025-08-19T20:28:32: [0mGET /api/time/active [33m404[0m 2.666 ms - 352[0m
2025-08-19T20:28:33: [0mGET /api/time/active [33m404[0m 2.652 ms - 352[0m
2025-08-19T20:28:34: [0mGET /api/time/active [33m404[0m 2.617 ms - 352[0m
2025-08-19T20:28:35: [0mGET /api/time/active [33m404[0m 2.968 ms - 352[0m
2025-08-19T20:28:36: [0mGET /api/time/active [33m404[0m 2.731 ms - 352[0m
2025-08-19T20:28:37: [0mGET /api/time/active [33m404[0m 2.739 ms - 352[0m
2025-08-19T20:28:39: [0mGET /api/time/active [33m404[0m 2.730 ms - 352[0m
2025-08-19T20:28:40: [0mGET /api/time/active [33m404[0m 2.769 ms - 352[0m
2025-08-19T21:23:49: 🚀 TimeClock API Server Started
2025-08-19T21:23:49: ═══════════════════════════════════════════════════════════════════════════════════════
2025-08-19T21:23:49: 📍 Server running at: http://localhost:3000
2025-08-19T21:23:49: 🌍 Environment: development
2025-08-19T21:23:49: 📊 Health Check: http://localhost:3000/health
2025-08-19T21:23:49: 📚 API Documentation: http://localhost:3000/api
2025-08-19T21:23:49: ═══════════════════════════════════════════════════════════════════════════════════════
2025-08-19T21:23:49: 🔗 Available API Endpoints:
2025-08-19T21:23:49:    • Authentication: http://localhost:3000/api/auth
2025-08-19T21:23:49:    • Clients: http://localhost:3000/api/clients
2025-08-19T21:23:49:    • Projects: http://localhost:3000/api/projects
2025-08-19T21:23:49:    • Time Entries: http://localhost:3000/api/time-entries
2025-08-19T21:23:49:    • Billing: http://localhost:3000/api/billing
2025-08-19T21:23:49:    • Dashboard: http://localhost:3000/api/dashboard
2025-08-19T21:23:49: ═══════════════════════════════════════════════════════════════════════════════════════
2025-08-19T21:23:49: ✅ Server is ready to accept connections
2025-08-19T21:24:42: [0mGET /api/auth/verify [32m200[0m 27.917 ms - 136[0m
2025-08-19T21:24:43: [0mGET /api/auth/profile [36m304[0m 3.772 ms - -[0m
2025-08-19T21:24:43: [0mGET /api/time/active [32m200[0m 22.475 ms - 49[0m
2025-08-19T21:24:43: [0mGET /api/dashboard [32m200[0m 28.135 ms - 475[0m
2025-08-19T21:24:44: [0mGET /api/time/active [36m304[0m 6.781 ms - -[0m
2025-08-19T21:24:45: [0mGET /api/time/active [36m304[0m 3.608 ms - -[0m
2025-08-19T21:24:46: [0mGET /api/time/active [36m304[0m 3.395 ms - -[0m
2025-08-19T21:24:47: [0mGET /api/time/active [36m304[0m 4.072 ms - -[0m
2025-08-19T21:24:48: [0mGET /api/time/active [36m304[0m 3.383 ms - -[0m
2025-08-19T21:24:49: [0mGET /api/time/active [36m304[0m 3.262 ms - -[0m
2025-08-19T21:24:51: [0mGET /api/time/active [36m304[0m 3.205 ms - -[0m
2025-08-19T21:24:52: [0mGET /api/time/active [36m304[0m 5.259 ms - -[0m
2025-08-19T21:24:53: [0mGET /api/time/active [36m304[0m 2.855 ms - -[0m
2025-08-19T21:24:54: [0mGET /api/time/active [36m304[0m 2.550 ms - -[0m
2025-08-19T21:24:55: [0mGET /api/time/active [36m304[0m 3.499 ms - -[0m
2025-08-19T21:24:56: [0mGET /api/time/active [36m304[0m 2.534 ms - -[0m
2025-08-19T21:24:57: [0mGET /api/time/active [36m304[0m 2.493 ms - -[0m
2025-08-19T21:24:59: [0mGET /api/time/active [36m304[0m 3.664 ms - -[0m
2025-08-19T21:25:00: [0mGET /api/time/active [36m304[0m 2.818 ms - -[0m
2025-08-19T21:25:01: [0mGET /api/time/active [36m304[0m 2.564 ms - -[0m
2025-08-19T21:25:02: [0mGET /api/time/active [36m304[0m 3.108 ms - -[0m
2025-08-19T21:25:03: [0mGET /api/time/active [36m304[0m 4.465 ms - -[0m
2025-08-19T21:25:04: [0mGET /api/time/active [36m304[0m 4.032 ms - -[0m
2025-08-19T21:25:05: [0mGET /api/time/active [36m304[0m 2.508 ms - -[0m
2025-08-19T21:25:06: [0mGET /api/time/active [36m304[0m 2.549 ms - -[0m
2025-08-19T21:25:07: [0mGET /api/time/active [36m304[0m 2.461 ms - -[0m
2025-08-19T21:25:09: [0mGET /api/time/active [36m304[0m 2.531 ms - -[0m
2025-08-19T21:25:10: [0mGET /api/time/active [36m304[0m 2.548 ms - -[0m
2025-08-19T21:25:11: [0mGET /api/time/active [36m304[0m 2.547 ms - -[0m
2025-08-19T21:25:12: [0mGET /api/time/active [36m304[0m 2.489 ms - -[0m
2025-08-19T21:25:13: [0mGET /api/dashboard [36m304[0m 8.250 ms - -[0m
2025-08-19T21:25:13: [0mGET /api/auth/verify [36m304[0m 2.295 ms - -[0m
2025-08-19T21:25:13: [0mGET /api/time/active [36m304[0m 3.423 ms - -[0m
2025-08-19T21:25:13: [0mGET /api/auth/profile [32m200[0m 2.066 ms - 265[0m
2025-08-19T21:25:14: [0mGET /api/time/active [36m304[0m 3.902 ms - -[0m
2025-08-19T21:25:15: [0mGET /api/time/active [36m304[0m 2.630 ms - -[0m
2025-08-19T21:25:16: [0mGET /api/time/active [36m304[0m 2.424 ms - -[0m
2025-08-19T21:25:17: [0mGET /api/time/active [36m304[0m 2.522 ms - -[0m
2025-08-19T21:25:19: [0mGET /api/time/active [36m304[0m 5.316 ms - -[0m
2025-08-19T21:25:20: [0mGET /api/time/active [36m304[0m 2.565 ms - -[0m
2025-08-19T21:25:21: [0mGET /api/time/active [36m304[0m 2.536 ms - -[0m
2025-08-19T21:25:22: [0mGET /api/auth/verify [32m200[0m 1.871 ms - 136[0m
2025-08-19T21:25:22: [0mGET /api/auth/profile [32m200[0m 1.837 ms - 265[0m
2025-08-19T21:25:22: [0mGET /api/dashboard [36m304[0m 9.987 ms - -[0m
2025-08-19T21:25:22: [0mGET /api/time/active [32m200[0m 9.377 ms - 49[0m
2025-08-19T21:25:22: [0mGET /api/time/active [36m304[0m 3.066 ms - -[0m
2025-08-19T21:25:23: [0mGET /api/time/active [36m304[0m 2.425 ms - -[0m
2025-08-19T21:25:23: [0mGET /api/time/active [36m304[0m 2.879 ms - -[0m
2025-08-19T21:25:24: [0mGET /api/time/active [36m304[0m 3.464 ms - -[0m
2025-08-19T21:25:24: [0mGET /api/time/active [36m304[0m 2.254 ms - -[0m
2025-08-19T21:25:25: [0mGET /api/time/active [36m304[0m 2.625 ms - -[0m
2025-08-19T21:25:25: [0mGET /api/time/active [36m304[0m 2.112 ms - -[0m
2025-08-19T21:25:26: [0mGET /api/time/active [36m304[0m 2.390 ms - -[0m
2025-08-19T21:25:26: [0mGET /api/time/active [36m304[0m 1.852 ms - -[0m
2025-08-19T21:25:27: [0mGET /api/time/active [36m304[0m 3.109 ms - -[0m
2025-08-19T21:25:27: [0mGET /api/time/active [36m304[0m 1.996 ms - -[0m
2025-08-19T21:25:29: [0mGET /api/time/active [36m304[0m 3.169 ms - -[0m
2025-08-19T21:25:30: [0mGET /api/time/active [36m304[0m 4.656 ms - -[0m
2025-08-19T21:25:31: [0mGET /api/time/active [36m304[0m 2.405 ms - -[0m
2025-08-19T21:25:32: [0mGET /api/time/active [36m304[0m 2.349 ms - -[0m
2025-08-19T21:25:33: [0mGET /api/time/active [36m304[0m 5.411 ms - -[0m
2025-08-19T21:25:34: [0mGET /api/time/active [36m304[0m 2.608 ms - -[0m
2025-08-19T21:25:35: [0mGET /api/time/active [36m304[0m 18.958 ms - -[0m
2025-08-19T21:25:37: [0mGET /api/time/active [36m304[0m 2.537 ms - -[0m
2025-08-19T21:25:38: [0mGET /api/time/active [36m304[0m 2.399 ms - -[0m
2025-08-19T21:25:39: [0mGET /api/time/active [36m304[0m 2.441 ms - -[0m
2025-08-19T21:25:40: [0mGET /api/time/active [36m304[0m 2.571 ms - -[0m
2025-08-19T21:25:41: [0mGET /api/time/active [36m304[0m 3.346 ms - -[0m
2025-08-19T21:25:42: [0mGET /api/time/active [36m304[0m 2.439 ms - -[0m
2025-08-19T21:25:43: [0mGET /api/time/active [36m304[0m 2.382 ms - -[0m
2025-08-19T21:25:44: [0mGET /api/time/active [36m304[0m 2.393 ms - -[0m
2025-08-19T21:25:46: [0mGET /api/time/active [36m304[0m 2.433 ms - -[0m
2025-08-19T21:25:47: [0mGET /api/time/active [36m304[0m 2.508 ms - -[0m
2025-08-19T21:25:47: [0mGET /api/time/active [36m304[0m 5.429 ms - -[0m
2025-08-19T21:25:48: [0mGET /api/time/active [36m304[0m 2.949 ms - -[0m
2025-08-19T21:25:49: [0mGET /api/time/active [36m304[0m 2.353 ms - -[0m
2025-08-19T21:25:51: [0mGET /api/time/active [36m304[0m 3.271 ms - -[0m
2025-08-19T21:25:52: [0mGET /api/time/active [36m304[0m 2.401 ms - -[0m
2025-08-19T21:25:53: [0mGET /api/time/active [36m304[0m 3.553 ms - -[0m
2025-08-19T21:26:11: [0mGET /api/auth/verify [36m304[0m 2.386 ms - -[0m
2025-08-19T21:26:12: [0mGET /api/auth/profile [36m304[0m 2.044 ms - -[0m
2025-08-19T21:26:12: [0mGET /api/dashboard [36m304[0m 9.948 ms - -[0m
2025-08-19T21:26:12: [0mGET /api/time/active [36m304[0m 8.967 ms - -[0m
2025-08-19T21:26:13: [0mGET /api/time/active [36m304[0m 2.421 ms - -[0m
2025-08-19T21:26:14: [0mGET /api/time/active [36m304[0m 2.870 ms - -[0m
2025-08-19T21:26:15: [0mGET /api/time/active [36m304[0m 3.082 ms - -[0m
2025-08-19T21:26:16: [0mGET /api/time/active [36m304[0m 2.573 ms - -[0m
2025-08-19T21:26:17: [0mGET /api/time/active [36m304[0m 2.468 ms - -[0m
2025-08-19T21:26:19: [0mGET /api/time/active [36m304[0m 2.398 ms - -[0m
2025-08-19T21:26:20: [0mGET /api/time/active [36m304[0m 3.675 ms - -[0m
2025-08-19T21:26:21: [0mGET /api/time/active [36m304[0m 3.126 ms - -[0m
2025-08-19T21:26:22: [0mGET /api/time/active [36m304[0m 2.457 ms - -[0m
2025-08-19T21:26:23: [0mGET /api/time/active [36m304[0m 2.415 ms - -[0m
2025-08-19T21:26:24: [0mGET /api/time/active [36m304[0m 3.179 ms - -[0m
2025-08-19T21:26:25: [0mGET /api/time/active [36m304[0m 2.446 ms - -[0m
2025-08-19T21:26:26: [0mGET /api/time/active [36m304[0m 2.386 ms - -[0m
2025-08-19T21:26:27: [0mGET /api/time/active [36m304[0m 3.006 ms - -[0m
2025-08-19T21:26:29: [0mGET /api/time/active [36m304[0m 2.717 ms - -[0m
2025-08-19T21:26:30: [0mGET /api/time/active [36m304[0m 2.289 ms - -[0m
2025-08-19T21:26:31: [0mGET /api/time/active [36m304[0m 3.190 ms - -[0m
2025-08-19T21:27:54: 🚀 TimeClock API Server Started
2025-08-19T21:27:54: ═══════════════════════════════════════════════════════════════════════════════════════
2025-08-19T21:27:54: 📍 Server running at: http://localhost:3000
2025-08-19T21:27:54: 🌍 Environment: development
2025-08-19T21:27:54: 📊 Health Check: http://localhost:3000/health
2025-08-19T21:27:54: 📚 API Documentation: http://localhost:3000/api
2025-08-19T21:27:54: ═══════════════════════════════════════════════════════════════════════════════════════
2025-08-19T21:27:54: 🔗 Available API Endpoints:
2025-08-19T21:27:54:    • Authentication: http://localhost:3000/api/auth
2025-08-19T21:27:54:    • Clients: http://localhost:3000/api/clients
2025-08-19T21:27:54:    • Projects: http://localhost:3000/api/projects
2025-08-19T21:27:54:    • Time Entries: http://localhost:3000/api/time-entries
2025-08-19T21:27:54:    • Billing: http://localhost:3000/api/billing
2025-08-19T21:27:54:    • Dashboard: http://localhost:3000/api/dashboard
2025-08-19T21:27:54: ═══════════════════════════════════════════════════════════════════════════════════════
2025-08-19T21:27:54: ✅ Server is ready to accept connections
2025-08-19T21:28:13: 🚀 TimeClock API Server Started
2025-08-19T21:28:13: ═══════════════════════════════════════════════════════════════════════════════════════
2025-08-19T21:28:13: 📍 Server running at: http://localhost:3000
2025-08-19T21:28:13: 🌍 Environment: development
2025-08-19T21:28:13: 📊 Health Check: http://localhost:3000/health
2025-08-19T21:28:13: 📚 API Documentation: http://localhost:3000/api
2025-08-19T21:28:13: ═══════════════════════════════════════════════════════════════════════════════════════
2025-08-19T21:28:13: 🔗 Available API Endpoints:
2025-08-19T21:28:13:    • Authentication: http://localhost:3000/api/auth
2025-08-19T21:28:13:    • Clients: http://localhost:3000/api/clients
2025-08-19T21:28:13:    • Projects: http://localhost:3000/api/projects
2025-08-19T21:28:13:    • Time Entries: http://localhost:3000/api/time-entries
2025-08-19T21:28:13:    • Billing: http://localhost:3000/api/billing
2025-08-19T21:28:13:    • Dashboard: http://localhost:3000/api/dashboard
2025-08-19T21:28:13: ═══════════════════════════════════════════════════════════════════════════════════════
2025-08-19T21:28:13: ✅ Server is ready to accept connections
2025-08-19T21:32:18: [0mGET /api/auth/verify [36m304[0m 22.715 ms - -[0m
2025-08-19T21:32:18: [0mGET /api/auth/profile [36m304[0m 3.732 ms - -[0m
2025-08-19T21:32:18: [0mGET /api/time/active [32m200[0m 16.683 ms - 49[0m
2025-08-19T21:32:18: [0mGET /api/dashboard [36m304[0m 31.296 ms - -[0m
2025-08-19T21:32:19: [0mGET /api/time/active [36m304[0m 5.875 ms - -[0m
2025-08-19T21:32:20: [0mGET /api/time/active [36m304[0m 3.170 ms - -[0m
2025-08-19T21:32:21: [0mGET /api/auth/verify [36m304[0m 2.728 ms - -[0m
2025-08-19T21:32:21: [0mGET /api/auth/profile [36m304[0m 1.852 ms - -[0m
2025-08-19T21:32:21: [0mGET /api/dashboard [36m304[0m 11.101 ms - -[0m
2025-08-19T21:32:21: [0mGET /api/time/active [36m304[0m 9.807 ms - -[0m
2025-08-19T21:32:22: [0mGET /api/time/active [36m304[0m 3.057 ms - -[0m
2025-08-19T21:32:23: [0mGET /api/auth/verify [36m304[0m 2.191 ms - -[0m
2025-08-19T21:32:23: [0mGET /api/auth/profile [36m304[0m 2.066 ms - -[0m
2025-08-19T21:32:23: [0mGET /api/time/active [36m304[0m 4.305 ms - -[0m
2025-08-19T21:32:23: [0mGET /api/dashboard [36m304[0m 10.913 ms - -[0m
2025-08-19T21:32:25: [0mGET /api/time/active [36m304[0m 2.574 ms - -[0m
2025-08-19T21:32:26: [0mGET /api/time/active [36m304[0m 2.661 ms - -[0m
2025-08-19T21:32:27: [0mGET /api/time/active [36m304[0m 3.493 ms - -[0m
2025-08-19T21:32:28: [0mGET /api/time/active [36m304[0m 2.593 ms - -[0m
2025-08-19T21:32:29: [0mGET /api/time/active [36m304[0m 2.619 ms - -[0m
2025-08-19T21:32:30: [0mGET /api/time/active [36m304[0m 3.265 ms - -[0m
2025-08-19T21:32:31: [0mGET /api/time/active [36m304[0m 3.659 ms - -[0m
2025-08-19T21:32:32: [0mGET /api/time/active [36m304[0m 2.539 ms - -[0m
2025-08-19T21:32:34: [0mGET /api/time/active [36m304[0m 2.590 ms - -[0m
2025-08-19T21:32:35: [0mGET /api/time/active [36m304[0m 2.496 ms - -[0m
2025-08-19T21:32:36: [0mGET /api/time/active [36m304[0m 3.132 ms - -[0m
2025-08-19T21:32:37: [0mGET /api/time/active [36m304[0m 2.566 ms - -[0m
2025-08-19T21:32:38: [0mGET /api/time/active [36m304[0m 2.585 ms - -[0m
2025-08-19T21:32:39: [0mGET /api/time/active [36m304[0m 2.560 ms - -[0m
2025-08-19T21:32:40: [0mGET /api/time/active [36m304[0m 2.500 ms - -[0m
2025-08-19T21:32:41: [0mGET /api/time/active [36m304[0m 3.099 ms - -[0m
2025-08-19T21:32:42: [0mGET /api/time/active [36m304[0m 2.499 ms - -[0m
2025-08-19T21:32:43: [0mGET /api/time/active [36m304[0m 2.619 ms - -[0m
2025-08-19T21:32:45: [0mGET /api/time/active [36m304[0m 2.594 ms - -[0m
2025-08-19T21:32:46: [0mGET /api/time/active [36m304[0m 2.441 ms - -[0m
2025-08-19T21:32:47: [0mGET /api/time/active [36m304[0m 2.391 ms - -[0m
2025-08-19T21:32:48: [0mGET /api/time/active [36m304[0m 3.268 ms - -[0m
2025-08-19T21:32:49: [0mGET /api/time/active [36m304[0m 2.548 ms - -[0m
2025-08-19T21:32:50: [0mGET /api/time/active [36m304[0m 5.590 ms - -[0m
2025-08-19T21:32:51: [0mGET /api/time/active [36m304[0m 2.450 ms - -[0m
2025-08-19T21:32:52: [0mGET /api/time/active [36m304[0m 3.658 ms - -[0m
2025-08-19T21:32:54: [0mGET /api/time/active [36m304[0m 2.632 ms - -[0m
2025-08-19T21:32:54: [0mGET /api/dashboard [36m304[0m 7.882 ms - -[0m
2025-08-19T21:32:55: [0mGET /api/time/active [36m304[0m 2.827 ms - -[0m
2025-08-19T21:32:56: [0mGET /api/time/active [36m304[0m 2.390 ms - -[0m
2025-08-19T21:32:57: [0mGET /api/time/active [36m304[0m 2.400 ms - -[0m
2025-08-19T21:32:58: [0mGET /api/time/active [36m304[0m 3.329 ms - -[0m
2025-08-19T21:32:59: [0mGET /api/time/active [36m304[0m 4.046 ms - -[0m
2025-08-19T21:33:00: [0mGET /api/time/active [36m304[0m 5.442 ms - -[0m
2025-08-19T21:33:01: [0mGET /api/time/active [36m304[0m 2.603 ms - -[0m
2025-08-19T21:33:03: [0mGET /api/time/active [36m304[0m 4.162 ms - -[0m
2025-08-19T21:33:04: [0mGET /api/time/active [36m304[0m 2.367 ms - -[0m
2025-08-19T21:33:05: [0mGET /api/time/active [36m304[0m 2.598 ms - -[0m
2025-08-19T21:33:06: [0mGET /api/time/active [36m304[0m 2.478 ms - -[0m
2025-08-19T21:33:07: [0mGET /api/time/active [36m304[0m 2.388 ms - -[0m
2025-08-19T21:33:08: [0mGET /api/time/active [36m304[0m 6.742 ms - -[0m
2025-08-19T21:33:09: [0mGET /api/time/active [36m304[0m 4.831 ms - -[0m
2025-08-19T21:33:10: [0mGET /api/time/active [36m304[0m 2.469 ms - -[0m
2025-08-19T21:33:11: [0mGET /api/time/active [36m304[0m 3.204 ms - -[0m
2025-08-19T21:33:13: [0mGET /api/time/active [36m304[0m 2.471 ms - -[0m
2025-08-19T21:33:14: [0mGET /api/time/active [36m304[0m 3.134 ms - -[0m
2025-08-19T21:33:15: [0mGET /api/time/active [36m304[0m 2.899 ms - -[0m
2025-08-19T21:33:16: [0mGET /api/time/active [36m304[0m 2.764 ms - -[0m
2025-08-19T21:33:17: [0mGET /api/time/active [36m304[0m 2.981 ms - -[0m
2025-08-19T21:33:18: [0mGET /api/time/active [36m304[0m 2.474 ms - -[0m
2025-08-19T21:33:19: [0mGET /api/time/active [36m304[0m 2.429 ms - -[0m
2025-08-19T21:33:21: [0mGET /api/time/active [36m304[0m 3.032 ms - -[0m
2025-08-19T21:33:22: [0mGET /api/time/active [36m304[0m 2.594 ms - -[0m
2025-08-19T21:33:23: [0mGET /api/time/active [36m304[0m 2.967 ms - -[0m
2025-08-19T21:33:24: [0mGET /api/dashboard [36m304[0m 5.314 ms - -[0m
2025-08-19T21:33:24: [0mGET /api/time/active [36m304[0m 4.071 ms - -[0m
2025-08-19T21:33:25: [0mGET /api/time/active [36m304[0m 6.015 ms - -[0m
2025-08-19T21:33:26: [0mGET /api/time/active [36m304[0m 2.424 ms - -[0m
2025-08-19T21:33:27: [0mGET /api/time/active [36m304[0m 2.435 ms - -[0m
2025-08-19T21:33:28: [0mGET /api/time/active [36m304[0m 4.011 ms - -[0m
2025-08-19T21:33:30: [0mGET /api/time/active [36m304[0m 3.886 ms - -[0m
2025-08-19T21:33:31: [0mGET /api/time/active [36m304[0m 2.415 ms - -[0m
2025-08-19T21:33:32: [0mGET /api/time/active [36m304[0m 2.399 ms - -[0m
2025-08-19T21:33:33: [0mGET /api/time/active [36m304[0m 2.322 ms - -[0m
2025-08-19T21:33:34: [0mGET /api/time/active [36m304[0m 6.972 ms - -[0m
2025-08-19T21:33:35: [0mGET /api/time/active [36m304[0m 2.384 ms - -[0m
2025-08-19T21:33:36: [0mGET /api/time/active [36m304[0m 2.359 ms - -[0m
2025-08-19T21:33:37: [0mGET /api/time/active [36m304[0m 2.443 ms - -[0m
2025-08-19T21:33:38: [0mGET /api/projects [32m200[0m 17.565 ms - -[0m
2025-08-19T21:33:38: [0mGET /api/time? [32m200[0m 26.821 ms - -[0m
2025-08-19T21:33:38: [0mGET /api/clients [32m200[0m 26.568 ms - -[0m
2025-08-19T21:33:51: [0mGET /api/auth/verify [36m304[0m 2.082 ms - -[0m
2025-08-19T21:33:51: [0mGET /api/auth/profile [36m304[0m 1.854 ms - -[0m
2025-08-19T21:33:51: [0mGET /api/time/active [36m304[0m 5.687 ms - -[0m
2025-08-19T21:33:51: [0mGET /api/dashboard [36m304[0m 11.246 ms - -[0m
2025-08-19T21:33:53: [0mGET /api/time/active [36m304[0m 2.464 ms - -[0m
2025-08-19T21:33:54: [0mGET /api/time/active [36m304[0m 3.102 ms - -[0m
2025-08-19T21:33:55: [0mGET /api/time/active [36m304[0m 2.503 ms - -[0m
2025-08-19T21:33:56: [0mGET /api/time/active [36m304[0m 2.703 ms - -[0m
2025-08-19T21:33:57: [0mGET /api/time/active [36m304[0m 2.505 ms - -[0m
2025-08-19T21:33:58: [0mGET /api/time/active [36m304[0m 2.956 ms - -[0m
2025-08-19T21:33:59: [0mGET /api/time/active [36m304[0m 3.778 ms - -[0m
2025-08-19T21:34:00: [0mGET /api/time/active [36m304[0m 2.404 ms - -[0m
2025-08-19T21:34:02: [0mGET /api/time/active [36m304[0m 3.184 ms - -[0m
2025-08-19T21:34:02: [0mPOST /api/auth/logout [32m200[0m 2.574 ms - 50[0m
2025-08-20T18:30:06: [0mGET /api/auth/verify [33m401[0m 19.077 ms - -[0m
2025-08-20T18:31:00: [0mGET /api/auth/verify [33m401[0m 1.034 ms - -[0m
2025-08-20T18:31:42: [0mGET /api/auth/verify [33m401[0m 1.026 ms - -[0m
2025-08-20T18:35:00: [0mGET /api/auth/verify [33m401[0m 2.112 ms - -[0m
2025-08-20T18:35:41: [0mGET /api/auth/verify [33m401[0m 5.291 ms - -[0m
2025-08-20T18:35:41: [0mGET /api/auth/verify [33m401[0m 0.918 ms - -[0m
2025-08-20T18:35:42: [0mGET /api/auth/verify [33m401[0m 1.633 ms - -[0m
2025-08-20T18:35:42: [0mGET /api/auth/verify [33m401[0m 0.897 ms - -[0m
2025-08-20T18:35:42: [0mGET /api/auth/verify [33m401[0m 1.096 ms - -[0m
2025-08-20T18:35:43: [0mGET /api/auth/verify [33m401[0m 1.386 ms - -[0m
2025-08-20T18:35:43: [0mGET /api/auth/verify [33m401[0m 1.005 ms - -[0m
2025-08-20T18:35:43: [0mGET /api/auth/verify [33m401[0m 0.805 ms - -[0m
2025-08-20T18:49:27: [0mGET /api/auth/verify [33m401[0m 3.064 ms - -[0m
2025-08-20T18:49:27: [0mGET /api/auth/verify [33m401[0m 0.927 ms - -[0m
2025-08-20T18:49:39: [0mGET /api/auth/verify [33m401[0m 0.870 ms - -[0m
2025-08-20T18:49:39: [0mGET /api/auth/verify [33m401[0m 0.838 ms - -[0m
2025-08-20T18:50:50: [0mGET /api/auth/verify [33m401[0m 1.928 ms - -[0m
2025-08-20T18:50:50: [0mGET /api/auth/verify [33m401[0m 0.868 ms - -[0m
2025-08-20T18:51:51: [0mGET /api/auth/verify [33m401[0m 0.820 ms - -[0m
2025-08-20T18:51:51: [0mGET /api/auth/verify [33m401[0m 0.817 ms - -[0m
2025-08-20T18:52:41: [0mGET /api/auth/verify [33m401[0m 2.403 ms - -[0m
2025-08-20T18:52:42: [0mGET /api/auth/verify [33m401[0m 0.859 ms - -[0m
2025-08-20T18:52:52: [0mGET /api/auth/verify [33m401[0m 0.839 ms - -[0m
2025-08-20T18:52:53: [0mGET /api/auth/verify [33m401[0m 0.846 ms - -[0m
2025-08-20T18:53:32: [0mGET /api/auth/verify [33m401[0m 0.946 ms - -[0m
2025-08-20T18:53:33: [0mGET /api/auth/verify [33m401[0m 0.840 ms - -[0m
2025-08-20T19:01:24: [0mGET /api/auth/verify [33m401[0m 1.326 ms - -[0m
2025-08-20T19:01:24: [0mGET /api/auth/verify [33m401[0m 0.778 ms - -[0m
2025-08-20T19:02:08: [0mGET /api/auth/verify [33m401[0m 0.798 ms - -[0m
2025-08-20T19:02:09: [0mGET /api/auth/verify [33m401[0m 0.839 ms - -[0m
2025-08-20T19:02:54: [0mGET /api/auth/verify [33m401[0m 0.814 ms - -[0m
2025-08-20T19:02:54: [0mGET /api/auth/verify [33m401[0m 0.801 ms - -[0m
2025-08-20T19:05:44: [0mGET /api/auth/verify [33m401[0m 1.033 ms - -[0m
2025-08-20T19:05:45: [0mGET /api/auth/verify [33m401[0m 0.809 ms - -[0m
2025-08-20T19:06:25: [0mHEAD /api/health [32m200[0m 23.104 ms - 145[0m
2025-08-20T19:06:40: [0mHEAD /api/auth/verify [33m401[0m 0.854 ms - 1321[0m
2025-08-20T19:08:13: 🔐 bcrypt authentication for user: admin
2025-08-20T19:08:13: [0mPOST /api/auth/login [32m200[0m 494.560 ms - 820[0m
2025-08-20T19:08:14: [0mGET /api/auth/profile [32m200[0m 2.730 ms - 265[0m
2025-08-20T19:09:57: [0mGET /api/auth/verify [32m200[0m 2.450 ms - 136[0m
2025-08-20T19:09:57: [0mGET /api/auth/verify [32m200[0m 2.532 ms - 136[0m
2025-08-20T19:09:58: [0mGET /api/auth/profile [36m304[0m 1.878 ms - -[0m
2025-08-20T19:09:58: [0mGET /api/auth/profile [36m304[0m 1.915 ms - -[0m
2025-08-20T19:11:34: [0mGET /api/auth/verify [36m304[0m 1.969 ms - -[0m
2025-08-20T19:11:34: [0mGET /api/auth/verify [36m304[0m 6.708 ms - -[0m
2025-08-20T19:11:34: [0mGET /api/auth/profile [36m304[0m 3.779 ms - -[0m
2025-08-20T19:11:34: [0mGET /api/auth/profile [36m304[0m 3.225 ms - -[0m
2025-08-20T19:11:34: [0mGET /api/time/active [32m200[0m 9.250 ms - 49[0m
2025-08-20T19:11:34: [0mGET /api/dashboard [32m200[0m 34.297 ms - 475[0m
2025-08-20T19:11:36: [0mGET /api/time/active [36m304[0m 7.603 ms - -[0m
2025-08-20T19:11:37: [0mGET /api/time/active [36m304[0m 2.269 ms - -[0m
2025-08-20T19:11:38: [0mGET /api/time/active [36m304[0m 3.203 ms - -[0m
2025-08-20T19:11:40: [0mGET /api/time/active [36m304[0m 2.664 ms - -[0m
2025-08-20T19:11:41: [0mGET /api/time/active [36m304[0m 2.543 ms - -[0m
2025-08-20T19:11:42: [0mGET /api/time/active [36m304[0m 2.308 ms - -[0m
2025-08-20T19:11:45: [0mGET /api/time/active [36m304[0m 2.604 ms - -[0m
2025-08-20T19:11:46: [0mGET /api/time/active [36m304[0m 2.845 ms - -[0m
2025-08-20T19:11:48: [0mGET /api/time/active [36m304[0m 3.837 ms - -[0m
2025-08-20T19:11:50: [0mGET /api/auth/verify [33m401[0m 0.943 ms - -[0m
2025-08-20T19:11:50: [0mGET /api/auth/verify [33m401[0m 0.800 ms - -[0m
2025-08-20T19:17:35: [0mGET /api/auth/verify [33m401[0m 4.793 ms - -[0m
2025-08-20T19:17:36: [0mGET /api/auth/verify [33m401[0m 0.858 ms - -[0m
